./Makefile:22: MAJOR:C-F3
./Makefile:36: MINOR:C-G7
./Makefile:38: INFO:C-A3
./clock.c:1: MINOR:C-G1
./event.c:12: MINOR:C-G7
./event.c:15: MAJOR:C-F3
./event.c:16: MINOR:C-G7
./event.c:16: MINOR:C-L4
./event.c:17: MINOR:C-L3
./event.c:25: INFO:C-A3
./gravity.c:1: MINOR:C-G1
./include/rabbit.h:13: MINOR:C-G7
./include/rabbit.h:50: MINOR:C-G7
./include/rabbit.h:51: MINOR:C-L2
./include/rabbit.h:52: MINOR:C-L2
./include/rabbit.h:53: MINOR:C-L2
./include/rabbit.h:54: MINOR:C-L2
./include/rabbit.h:55: MINOR:C-G7
./include/rabbit.h:69: MAJOR:C-F3
./main.c:1: MINOR:C-G1
./main.c:10: MAJOR:C-F6
./main.c:18: MAJOR:C-F3
./main.c:31: INFO:C-A3
./map1.c:1: MINOR:C-G1
./map1.c:10: MAJOR:C-F3
./map1.c:16: MINOR:C-G8
./map_colision.c:5: MINOR:C-G7
./map_colision.c:40: INFO:C-A3
./player.c:14: MAJOR:C-F3
./player_movement.c:9: MAJOR:C-H1
./player_movement.c:16: MINOR:C-G7
./player_movement.c:17: MINOR:C-G7
./player_movement.c:18: MINOR:C-G7
./player_movement.c:19: MINOR:C-G7
./player_movement.c:25: MINOR:C-G7
./player_movement.c:26: MINOR:C-L3
./player_movement.c:28: MINOR:C-L3
./player_movement.c:30: MINOR:C-L3
./player_movement.c:32: MINOR:C-L3
./player_movement.c:39: MINOR:C-L3
./player_movement.c:41: MINOR:C-L3
./player_movement.c:43: MINOR:C-L3
./player_movement.c:45: MINOR:C-L3
./player_movement.c:54: MAJOR:C-F3
./player_movement.c:56: MAJOR:C-F3
./player_movement.c:58: MAJOR:C-F3
./player_movement.c:60: MAJOR:C-F3
./player_movement.c:62: MAJOR:C-F3
./setup_windows.c:16: MINOR:C-G7
./setup_windows.c:25: MAJOR:C-F3
./setup_windows.c:30: INFO:C-A3
